<?xml version="1.0" encoding="UTF-8"?>
<testsuite xmlns:xsi="http://www.w3.org/2001/XMLSchema-instance" xsi:noNamespaceSchemaLocation="https://maven.apache.org/surefire/maven-surefire-plugin/xsd/surefire-test-report-3.0.xsd" version="3.0" name="br.inatel.cdg.compras.TesteCarrinhoCompra" time="0.108" tests="4" errors="0" skipped="0" failures="0">
  <properties>
    <property name="java.specification.version" value="16"/>
    <property name="sun.cpu.isalist" value="amd64"/>
    <property name="sun.jnu.encoding" value="Cp1252"/>
    <property name="java.class.path" value="C:\Users\Willy\Desktop\INATEL\INATEL - P8\S107\S107\Aula1\Aula-GitHub-Actions\target\test-classes;C:\Users\Willy\Desktop\INATEL\INATEL - P8\S107\S107\Aula1\Aula-GitHub-Actions\target\classes;C:\Users\Willy\.m2\repository\junit\junit\4.12\junit-4.12.jar;C:\Users\Willy\.m2\repository\org\hamcrest\hamcrest-core\1.3\hamcrest-core-1.3.jar;C:\Users\Willy\.m2\repository\org\mockito\mockito-core\3.3.3\mockito-core-3.3.3.jar;C:\Users\Willy\.m2\repository\net\bytebuddy\byte-buddy\1.10.5\byte-buddy-1.10.5.jar;C:\Users\Willy\.m2\repository\net\bytebuddy\byte-buddy-agent\1.10.5\byte-buddy-agent-1.10.5.jar;C:\Users\Willy\.m2\repository\org\objenesis\objenesis\2.6\objenesis-2.6.jar;"/>
    <property name="java.vm.vendor" value="Oracle Corporation"/>
    <property name="sun.arch.data.model" value="64"/>
    <property name="user.variant" value=""/>
    <property name="java.vendor.url" value="https://java.oracle.com/"/>
    <property name="user.timezone" value="America/Sao_Paulo"/>
    <property name="os.name" value="Windows 10"/>
    <property name="java.vm.specification.version" value="16"/>
    <property name="sun.java.launcher" value="SUN_STANDARD"/>
    <property name="user.country" value="BR"/>
    <property name="sun.boot.library.path" value="C:\Users\Willy\.jdks\openjdk-16.0.2\bin"/>
    <property name="sun.java.command" value="C:\Users\Willy\AppData\Local\Temp\surefire16420009587924728926\surefirebooter1863273804723942523.jar C:\Users\Willy\AppData\Local\Temp\surefire16420009587924728926 2023-09-11T20-20-27_345-jvmRun1 surefire17289301677044932582tmp surefire_011487987983956060617tmp"/>
    <property name="jdk.debug" value="release"/>
    <property name="surefire.test.class.path" value="C:\Users\Willy\Desktop\INATEL\INATEL - P8\S107\S107\Aula1\Aula-GitHub-Actions\target\test-classes;C:\Users\Willy\Desktop\INATEL\INATEL - P8\S107\S107\Aula1\Aula-GitHub-Actions\target\classes;C:\Users\Willy\.m2\repository\junit\junit\4.12\junit-4.12.jar;C:\Users\Willy\.m2\repository\org\hamcrest\hamcrest-core\1.3\hamcrest-core-1.3.jar;C:\Users\Willy\.m2\repository\org\mockito\mockito-core\3.3.3\mockito-core-3.3.3.jar;C:\Users\Willy\.m2\repository\net\bytebuddy\byte-buddy\1.10.5\byte-buddy-1.10.5.jar;C:\Users\Willy\.m2\repository\net\bytebuddy\byte-buddy-agent\1.10.5\byte-buddy-agent-1.10.5.jar;C:\Users\Willy\.m2\repository\org\objenesis\objenesis\2.6\objenesis-2.6.jar;"/>
    <property name="sun.cpu.endian" value="little"/>
    <property name="user.home" value="C:\Users\Willy"/>
    <property name="user.language" value="pt"/>
    <property name="java.specification.vendor" value="Oracle Corporation"/>
    <property name="java.version.date" value="2021-07-20"/>
    <property name="java.home" value="C:\Users\Willy\.jdks\openjdk-16.0.2"/>
    <property name="file.separator" value="\"/>
    <property name="basedir" value="C:\Users\Willy\Desktop\INATEL\INATEL - P8\S107\S107\Aula1\Aula-GitHub-Actions"/>
    <property name="java.vm.compressedOopsMode" value="Zero based"/>
    <property name="line.separator" value="&#10;"/>
    <property name="java.vm.specification.vendor" value="Oracle Corporation"/>
    <property name="java.specification.name" value="Java Platform API Specification"/>
    <property name="surefire.real.class.path" value="C:\Users\Willy\AppData\Local\Temp\surefire16420009587924728926\surefirebooter1863273804723942523.jar"/>
    <property name="user.script" value=""/>
    <property name="sun.management.compiler" value="HotSpot 64-Bit Tiered Compilers"/>
    <property name="java.runtime.version" value="16.0.2+7-67"/>
    <property name="user.name" value="Willy"/>
    <property name="path.separator" value=";"/>
    <property name="os.version" value="10.0"/>
    <property name="java.runtime.name" value="OpenJDK Runtime Environment"/>
    <property name="file.encoding" value="Cp1252"/>
    <property name="java.vm.name" value="OpenJDK 64-Bit Server VM"/>
    <property name="localRepository" value="C:\Users\Willy\.m2\repository"/>
    <property name="java.vendor.url.bug" value="https://bugreport.java.com/bugreport/"/>
    <property name="java.io.tmpdir" value="C:\Users\Willy\AppData\Local\Temp\"/>
    <property name="java.version" value="16.0.2"/>
    <property name="user.dir" value="C:\Users\Willy\Desktop\INATEL\INATEL - P8\S107\S107\Aula1\Aula-GitHub-Actions"/>
    <property name="os.arch" value="amd64"/>
    <property name="java.vm.specification.name" value="Java Virtual Machine Specification"/>
    <property name="sun.os.patch.level" value=""/>
    <property name="java.library.path" value="C:\Users\Willy\.jdks\openjdk-16.0.2\bin;C:\WINDOWS\Sun\Java\bin;C:\WINDOWS\system32;C:\WINDOWS;D:\Falcon\MinGW\bin;C:\Windows\system32;C:\Windows;C:\Windows\System32\Wbem;C:\Windows\System32\WindowsPowerShell\v1.0\;C:\Windows\System32\OpenSSH\;C:\Program Files\NVIDIA Corporation\NVIDIA NvDLISR;C:\WINDOWS\system32;C:\WINDOWS;C:\WINDOWS\System32\Wbem;C:\WINDOWS\System32\WindowsPowerShell\v1.0\;C:\WINDOWS\System32\OpenSSH\;C:\Program Files (x86)\NVIDIA Corporation\PhysX\Common;C:\Users\Willy\Desktop\INATEL - P4\C206-A\apache-maven-3.8.2\bin;C:\Program Files\dotnet\;D:\Git\cmd;C:\Program Files\Git LFS;C:\Program Files\nodejs\;C:\Users\Willy\AppData\Local\Microsoft\WindowsApps;C:\Users\Willy\AppData\Local\GitHubDesktop\bin;C:\Users\Willy\Desktop\INATEL - P4\C206-A\apache-maven-3.8.2\bin;C:\Users\Willy\AppData\Local\Programs\Microsoft VS Code\bin;C:\Users\Willy\AppData\Local\JetBrains\Toolbox\scripts;C:\Users\Willy\.jdks\openjdk-16.0.2\bin;C:\Users\Willy\Desktop\APPs\apache-maven-3.8.6\bin;;D:\Downloads\PyCharm Community Edition 2022.3.3\bin;;C:\Users\Willy\AppData\Roaming\npm;."/>
    <property name="java.vm.info" value="mixed mode, sharing"/>
    <property name="java.vendor" value="Oracle Corporation"/>
    <property name="java.vm.version" value="16.0.2+7-67"/>
    <property name="sun.io.unicode.encoding" value="UnicodeLittle"/>
    <property name="java.class.version" value="60.0"/>
  </properties>
  <testcase name="testSomaNegativo" classname="br.inatel.cdg.compras.TesteCarrinhoCompra" time="0.004"/>
  <testcase name="testIntegracaoCupom" classname="br.inatel.cdg.compras.TesteCarrinhoCompra" time="0"/>
  <testcase name="testSomaTotalCompra" classname="br.inatel.cdg.compras.TesteCarrinhoCompra" time="0"/>
  <testcase name="testSomaTotalQtd" classname="br.inatel.cdg.compras.TesteCarrinhoCompra" time="0"/>
</testsuite>